<?xml version="1.0" encoding="UTF-8"?>
<!-- Generated by org.testng.reporters.JUnitReportReporter -->
<testsuite hostname="DESKTOP-635BP1H" failures="0" tests="3" name="test.day3" time="0.030" errors="0" timestamp="2024-08-23T18:37:13 IST" skipped="0">
  <testcase classname="test.day3" name="WebHomeLoan" time="0.003"/>
  <system-out/>
  <testcase classname="test.day3" name="MobileHomeLoan" time="0.012"/>
  <system-out/>
  <testcase classname="test.day3" name="APIHomeLoan" time="0.015"/>
  <system-out/>
</testsuite> <!-- test.day3 -->
