<?xml version="1.0" encoding="UTF-8"?>
<!-- Generated by org.testng.reporters.JUnitReportReporter -->
<testsuite hostname="DESKTOP-635BP1H" failures="0" tests="1" name="test.PS1" time="0.025" errors="0" timestamp="2024-08-23T20:06:06 IST" skipped="0">
  <testcase classname="test.PS1" name="testRun" time="0.025"/>
  <system-out/>
</testsuite> <!-- test.PS1 -->
