<?xml version="1.0" encoding="UTF-8"?>
<!-- Generated by org.testng.reporters.JUnitReportReporter -->
<testsuite hostname="DESKTOP-635BP1H" failures="0" tests="6" name="test.day2" time="0.106" errors="0" timestamp="2024-08-23T18:37:13 IST" skipped="0">
  <testcase classname="test.day2" name="MobileSignOutCarLoan" time="0.013"/>
  <system-out/>
  <testcase classname="test.day2" name="MobileSignOutCarLoan" time="0.006"/>
  <system-out/>
  <testcase classname="test.day2" name="WebCarLoan" time="0.013"/>
  <system-out/>
  <testcase classname="test.day2" name="MobileCarLoan" time="0.060"/>
  <system-out/>
  <testcase classname="test.day2" name="MobileSignInCarLoan" time="0.008"/>
  <system-out/>
  <testcase classname="test.day2" name="MobileSignOutCarLoan" time="0.006"/>
  <system-out/>
</testsuite> <!-- test.day2 -->
